# JRE version: OpenJDK Runtime Environment (8.0_265-b01) (build 1.8.0_265-b01)
# Java VM: OpenJDK 64-Bit Server VM (25.265-b01 mixed mode windows-amd64 compressed oops)
Heap:
 def new generation   total 38080K, used 12956K [0x00000000a2400000, 0x00000000a4d50000, 0x00000000c1800000)
  eden space 33856K,  25% used [0x00000000a2400000, 0x00000000a2c87268, 0x00000000a4510000)
  from space 4224K, 100% used [0x00000000a4510000, 0x00000000a4930000, 0x00000000a4930000)
  to   space 4224K,   0% used [0x00000000a4930000, 0x00000000a4930000, 0x00000000a4d50000)
 tenured generation   total 84672K, used 6184K [0x00000000c1800000, 0x00000000c6ab0000, 0x0000000100000000)
   the space 84672K,   7% used [0x00000000c1800000, 0x00000000c1e0a078, 0x00000000c1e0a200, 0x00000000c6ab0000)
 Metaspace       used 8837K, capacity 8984K, committed 9216K, reserved 1056768K
  class space    used 900K, capacity 948K, committed 1024K, reserved 1048576K
GC Heap History (4 events):
Event: 0.317 GC heap before
{Heap before GC invocations=0 (full 0):
 def new generation   total 38080K, used 33856K [0x00000000a2400000, 0x00000000a4d50000, 0x00000000c1800000)
  eden space 33856K, 100% used [0x00000000a2400000, 0x00000000a4510000, 0x00000000a4510000)
  from space 4224K,   0% used [0x00000000a4510000, 0x00000000a4510000, 0x00000000a4930000)
  to   space 4224K,   0% used [0x00000000a4930000, 0x00000000a4930000, 0x00000000a4d50000)
 tenured generation   total 84672K, used 0K [0x00000000c1800000, 0x00000000c6ab0000, 0x0000000100000000)
   the space 84672K,   0% used [0x00000000c1800000, 0x00000000c1800000, 0x00000000c1800200, 0x00000000c6ab0000)
 Metaspace       used 8579K, capacity 8696K, committed 8960K, reserved 1056768K
  class space    used 884K, capacity 916K, committed 1024K, reserved 1048576K
Event: 0.324 GC heap after
Heap after GC invocations=1 (full 0):
 def new generation   total 38080K, used 4223K [0x00000000a2400000, 0x00000000a4d50000, 0x00000000c1800000)
  eden space 33856K,   0% used [0x00000000a2400000, 0x00000000a2400000, 0x00000000a4510000)
  from space 4224K,  99% used [0x00000000a4930000, 0x00000000a4d4fff8, 0x00000000a4d50000)
  to   space 4224K,   0% used [0x00000000a4510000, 0x00000000a4510000, 0x00000000a4930000)
 tenured generation   total 84672K, used 2927K [0x00000000c1800000, 0x00000000c6ab0000, 0x0000000100000000)
   the space 84672K,   3% used [0x00000000c1800000, 0x00000000c1adbe60, 0x00000000c1adc000, 0x00000000c6ab0000)
 Metaspace       used 8579K, capacity 8696K, committed 8960K, reserved 1056768K
  class space    used 884K, capacity 916K, committed 1024K, reserved 1048576K
}
Event: 2.517 GC heap before
{Heap before GC invocations=1 (full 0):
 def new generation   total 38080K, used 38079K [0x00000000a2400000, 0x00000000a4d50000, 0x00000000c1800000)
  eden space 33856K, 100% used [0x00000000a2400000, 0x00000000a4510000, 0x00000000a4510000)
  from space 4224K,  99% used [0x00000000a4930000, 0x00000000a4d4fff8, 0x00000000a4d50000)
  to   space 4224K,   0% used [0x00000000a4510000, 0x00000000a4510000, 0x00000000a4930000)
 tenured generation   total 84672K, used 2927K [0x00000000c1800000, 0x00000000c6ab0000, 0x0000000100000000)
   the space 84672K,   3% used [0x00000000c1800000, 0x00000000c1adbe60, 0x00000000c1adc000, 0x00000000c6ab0000)
 Metaspace       used 8766K, capacity 8824K, committed 8960K, reserved 1056768K
  class space    used 892K, capacity 916K, committed 1024K, reserved 1048576K
Event: 2.527 GC heap after
Heap after GC invocations=2 (full 0):
 def new generation   total 38080K, used 4224K [0x00000000a2400000, 0x00000000a4d50000, 0x00000000c1800000)
  eden space 33856K,   0% used [0x00000000a2400000, 0x00000000a2400000, 0x00000000a4510000)
  from space 4224K, 100% used [0x00000000a4510000, 0x00000000a4930000, 0x00000000a4930000)
  to   space 4224K,   0% used [0x00000000a4930000, 0x00000000a4930000, 0x00000000a4d50000)
 tenured generation   total 84672K, used 6184K [0x00000000c1800000, 0x00000000c6ab0000, 0x0000000100000000)
   the space 84672K,   7% used [0x00000000c1800000, 0x00000000c1e0a078, 0x00000000c1e0a200, 0x00000000c6ab0000)
 Metaspace       used 8766K, capacity 8824K, committed 8960K, reserved 1056768K
  class space    used 892K, capacity 916K, committed 1024K, reserved 1048576K
}

